2022-05-03 00:04:09
New connection from 127.0.0.1:56848 -- /home/little/little/Code_C++/WebServer/WebServer/WebServer/Server.cpp:45
2022-05-03 00:04:09
Request: GET / HTTP/1.1
Host: 127.0.0.1
User-Agent: Mozilla/5.0 (X11; Linux x86_64; rv:91.0) Gecko/20100101 Firefox/91.0
Accept: text/html,application/xhtml+xml,application/xml;q=0.9,image/webp,*/*;q=0.8
Accept-Language: en-US,en;q=0.5
Accept-Encoding: gzip, deflate
Connection: keep-alive
Upgrade-Insecure-Requests: 1
Sec-Fetch-Dest: document
Sec-Fetch-Mode: navigate
Sec-Fetch-Site: none
Sec-Fetch-User: ?1

 -- /home/little/little/Code_C++/WebServer/WebServer/WebServer/HttpData.cpp:160
2022-05-03 00:04:09
Request: GET /main.0cf68a.css HTTP/1.1
Host: 127.0.0.1
User-Agent: Mozilla/5.0 (X11; Linux x86_64; rv:91.0) Gecko/20100101 Firefox/91.0
Accept: text/css,*/*;q=0.1
Accept-Language: en-US,en;q=0.5
Accept-Encoding: gzip, deflate
Connection: keep-alive
Referer: http://127.0.0.1/
Sec-Fetch-Dest: style
Sec-Fetch-Mode: no-cors
Sec-Fetch-Site: same-origin

 -- /home/little/little/Code_C++/WebServer/WebServer/WebServer/HttpData.cpp:160
2022-05-03 00:04:09
Request: GET /assets/img/head.jpg HTTP/1.1
Host: 127.0.0.1
User-Agent: Mozilla/5.0 (X11; Linux x86_64; rv:91.0) Gecko/20100101 Firefox/91.0
Accept: image/webp,*/*
Accept-Language: en-US,en;q=0.5
Accept-Encoding: gzip, deflate
Connection: keep-alive
Referer: http://127.0.0.1/
Sec-Fetch-Dest: image
Sec-Fetch-Mode: no-cors
Sec-Fetch-Site: same-origin

 -- /home/little/little/Code_C++/WebServer/WebServer/WebServer/HttpData.cpp:160
2022-05-03 00:04:09
New connection from 127.0.0.1:56850 -- /home/little/little/Code_C++/WebServer/WebServer/WebServer/Server.cpp:45
2022-05-03 00:04:09
Request: GET /main.0cf68a.js HTTP/1.1
Host: 127.0.0.1
User-Agent: Mozilla/5.0 (X11; Linux x86_64; rv:91.0) Gecko/20100101 Firefox/91.0
Accept: */*
Accept-Language: en-US,en;q=0.5
Accept-Encoding: gzip, deflate
Connection: keep-alive
Referer: http://127.0.0.1/
Sec-Fetch-Dest: script
Sec-Fetch-Mode: no-cors
Sec-Fetch-Site: same-origin

 -- /home/little/little/Code_C++/WebServer/WebServer/WebServer/HttpData.cpp:160
2022-05-03 00:04:09
Request: GET /slider.e37972.js HTTP/1.1
Host: 127.0.0.1
User-Agent: Mozilla/5.0 (X11; Linux x86_64; rv:91.0) Gecko/20100101 Firefox/91.0
Accept: */*
Accept-Language: en-US,en;q=0.5
Accept-Encoding: gzip, deflate
Connection: keep-alive
Referer: http://127.0.0.1/
Sec-Fetch-Dest: script
Sec-Fetch-Mode: no-cors
Sec-Fetch-Site: same-origin

 -- /home/little/little/Code_C++/WebServer/WebServer/WebServer/HttpData.cpp:160
2022-05-03 00:04:09
Request: GET /favicon.png HTTP/1.1
Host: 127.0.0.1
User-Agent: Mozilla/5.0 (X11; Linux x86_64; rv:91.0) Gecko/20100101 Firefox/91.0
Accept: image/webp,*/*
Accept-Language: en-US,en;q=0.5
Accept-Encoding: gzip, deflate
Connection: keep-alive
Referer: http://127.0.0.1/
Sec-Fetch-Dest: image
Sec-Fetch-Mode: no-cors
Sec-Fetch-Site: same-origin

 -- /home/little/little/Code_C++/WebServer/WebServer/WebServer/HttpData.cpp:160
2022-05-03 00:04:10
Request: GET /content.json?t=1651507450001 HTTP/1.1
Host: 127.0.0.1
User-Agent: Mozilla/5.0 (X11; Linux x86_64; rv:91.0) Gecko/20100101 Firefox/91.0
Accept: */*
Accept-Language: en-US,en;q=0.5
Accept-Encoding: gzip, deflate
Referer: http://127.0.0.1/
Connection: keep-alive
Sec-Fetch-Dest: empty
Sec-Fetch-Mode: cors
Sec-Fetch-Site: same-origin

 -- /home/little/little/Code_C++/WebServer/WebServer/WebServer/HttpData.cpp:160
2022-05-03 00:04:14
Request: GET / HTTP/1.1
Host: 127.0.0.1
User-Agent: Mozilla/5.0 (X11; Linux x86_64; rv:91.0) Gecko/20100101 Firefox/91.0
Accept: text/html,application/xhtml+xml,application/xml;q=0.9,image/webp,*/*;q=0.8
Accept-Language: en-US,en;q=0.5
Accept-Encoding: gzip, deflate
Connection: keep-alive
Upgrade-Insecure-Requests: 1
Sec-Fetch-Dest: document
Sec-Fetch-Mode: navigate
Sec-Fetch-Site: none
Sec-Fetch-User: ?1
Cache-Control: max-age=0

 -- /home/little/little/Code_C++/WebServer/WebServer/WebServer/HttpData.cpp:160
2022-05-03 00:04:14
Request: GET /main.0cf68a.css HTTP/1.1
Host: 127.0.0.1
User-Agent: Mozilla/5.0 (X11; Linux x86_64; rv:91.0) Gecko/20100101 Firefox/91.0
Accept: text/css,*/*;q=0.1
Accept-Language: en-US,en;q=0.5
Accept-Encoding: gzip, deflate
Connection: keep-alive
Referer: http://127.0.0.1/
Sec-Fetch-Dest: style
Sec-Fetch-Mode: no-cors
Sec-Fetch-Site: same-origin
Cache-Control: max-age=0

 -- /home/little/little/Code_C++/WebServer/WebServer/WebServer/HttpData.cpp:160
2022-05-03 00:04:14
Request: GET /main.0cf68a.js HTTP/1.1
Host: 127.0.0.1
User-Agent: Mozilla/5.0 (X11; Linux x86_64; rv:91.0) Gecko/20100101 Firefox/91.0
Accept: */*
Accept-Language: en-US,en;q=0.5
Accept-Encoding: gzip, deflate
Connection: keep-alive
Referer: http://127.0.0.1/
Sec-Fetch-Dest: script
Sec-Fetch-Mode: no-cors
Sec-Fetch-Site: same-origin
Cache-Control: max-age=0

 -- /home/little/little/Code_C++/WebServer/WebServer/WebServer/HttpData.cpp:160
2022-05-03 00:04:14
Request: GET /assets/img/head.jpg HTTP/1.1
Host: 127.0.0.1
User-Agent: Mozilla/5.0 (X11; Linux x86_64; rv:91.0) Gecko/20100101 Firefox/91.0
Accept: image/webp,*/*
Accept-Language: en-US,en;q=0.5
Accept-Encoding: gzip, deflate
Connection: keep-alive
Referer: http://127.0.0.1/
Sec-Fetch-Dest: image
Sec-Fetch-Mode: no-cors
Sec-Fetch-Site: same-origin
Cache-Control: max-age=0

 -- /home/little/little/Code_C++/WebServer/WebServer/WebServer/HttpData.cpp:160
2022-05-03 00:04:14
Request: GET /slider.e37972.js HTTP/1.1
Host: 127.0.0.1
User-Agent: Mozilla/5.0 (X11; Linux x86_64; rv:91.0) Gecko/20100101 Firefox/91.0
Accept: */*
Accept-Language: en-US,en;q=0.5
Accept-Encoding: gzip, deflate
Connection: keep-alive
Referer: http://127.0.0.1/
Sec-Fetch-Dest: script
Sec-Fetch-Mode: no-cors
Sec-Fetch-Site: same-origin
Cache-Control: max-age=0

 -- /home/little/little/Code_C++/WebServer/WebServer/WebServer/HttpData.cpp:160
2022-05-03 00:04:14
Request: GET /content.json?t=1651507454619 HTTP/1.1
Host: 127.0.0.1
User-Agent: Mozilla/5.0 (X11; Linux x86_64; rv:91.0) Gecko/20100101 Firefox/91.0
Accept: */*
Accept-Language: en-US,en;q=0.5
Accept-Encoding: gzip, deflate
Referer: http://127.0.0.1/
Connection: keep-alive
Sec-Fetch-Dest: empty
Sec-Fetch-Mode: cors
Sec-Fetch-Site: same-origin

 -- /home/little/little/Code_C++/WebServer/WebServer/WebServer/HttpData.cpp:160
2022-05-03 00:04:17
Request: GET /2022/04/23/%E4%B8%AD%E7%BC%80%E8%A1%A8%E8%BE%BE%E5%BC%8F%E7%9A%84%E8%AE%A1%E7%AE%97/ HTTP/1.1
Host: 127.0.0.1
User-Agent: Mozilla/5.0 (X11; Linux x86_64; rv:91.0) Gecko/20100101 Firefox/91.0
Accept: text/html,application/xhtml+xml,application/xml;q=0.9,image/webp,*/*;q=0.8
Accept-Language: en-US,en;q=0.5
Accept-Encoding: gzip, deflate
Connection: keep-alive
Referer: http://127.0.0.1/
Upgrade-Insecure-Requests: 1
Sec-Fetch-Dest: document
Sec-Fetch-Mode: navigate
Sec-Fetch-Site: same-origin
Sec-Fetch-User: ?1

 -- /home/little/little/Code_C++/WebServer/WebServer/WebServer/HttpData.cpp:160
